2025-07-14 10:34:00 | INFO | repo=a4m36jee-2014 | action=pull
2025-01-18 07:27:00 | DEBUG | repo=a4m36jee-2014 | action=commit
2025-09-13 14:04:00 | WARN | repo=a4m36jee-2014 | action=test | passed=true
2025-07-21 08:02:00 | DEBUG | repo=a4m36jee-2014 | action=commit
2025-12-25 18:59:00 | INFO | repo=a4m36jee-2014 | action=commit
2025-08-27 21:36:00 | DEBUG | repo=a4m36jee-2014 | action=commit
2025-10-19 12:58:00 | INFO | repo=a4m36jee-2014 | action=commit
2025-07-07 08:45:00 | WARN | repo=a4m36jee-2014 | action=commit
2025-03-02 17:38:00 | DEBUG | repo=a4m36jee-2014 | action=commit
2025-04-14 18:46:00 | INFO | repo=a4m36jee-2014 | action=pull
2025-02-22 18:27:00 | INFO | repo=a4m36jee-2014 | action=edit | files=3
2025-03-01 21:07:00 | WARN | repo=a4m36jee-2014 | action=commit
2025-02-06 12:44:00 | DEBUG | repo=a4m36jee-2014 | action=commit
2025-12-23 16:25:00 | WARN | repo=a4m36jee-2014 | action=edit | files=5
2025-07-23 21:58:00 | INFO | repo=a4m36jee-2014 | action=pull
2025-12-01 17:52:00 | WARN | repo=a4m36jee-2014 | action=pull
2025-04-11 16:14:00 | DEBUG | repo=a4m36jee-2014 | action=commit
2025-10-18 09:38:00 | WARN | repo=a4m36jee-2014 | action=commit
2025-11-13 21:27:00 | INFO | repo=a4m36jee-2014 | action=commit
2025-12-16 07:36:00 | WARN | repo=a4m36jee-2014 | action=test | passed=true
2025-11-07 11:24:00 | INFO | repo=a4m36jee-2014 | action=commit
2025-08-28 11:21:00 | WARN | repo=a4m36jee-2014 | action=commit
